<?xml version="1.0" encoding="UTF-8"?>
<!-- Generated by org.testng.reporters.JUnitReportReporter -->
<testsuite hostname="GSY-IBhangu" failures="0" tests="1" name="automation.Fusion" time="65.834" errors="0" timestamp="23 Jun 2021 21:06:48 GMT">
  <testcase classname="automation.Fusion" name="m1" time="65.834"/>
</testsuite> <!-- automation.Fusion -->
